{
  "start_time": "2025-08-26T17:44:27.753161",
  "end_time": "2025-08-26T17:45:22.920316",
  "total_duration": 55.16714811325073,
  "summary": {
    "total_tests": 16,
    "passed": 6,
    "failed": 0,
    "errors": 10,
    "skipped": 0
  },
  "test_suites": {
    "Analytics Optimized": {
      "total": 10,
      "passed": 0,
      "failed": 0,
      "errors": 10,
      "skipped": 0,
      "failures_details": [],
      "errors_details": [
        "(<tests.test_analytics_optimized.TestAnalyticsOptimized testMethod=test_downtime_analysis_optimized_endpoint>, 'Traceback (most recent call last):\\n  File \"/app/tests/test_analytics_optimized.py\", line 27, in setUp\\n    self.test_data = TestDataFactory.create_comprehensive_test_data(\\n                     ^^^^^^^^^^^^^^^^^^^^^^^^^^^^^^^^^^^^^^^^^^^^^^^\\n  File \"/app/tests/conftest.py\", line 223, in create_comprehensive_test_data\\n    production_run = TestDataFactory.create_production_run(db, machine_id)\\n                     ^^^^^^^^^^^^^^^^^^^^^^^^^^^^^^^^^^^^^^^^^^^^^^^^^^^^^\\n  File \"/app/tests/conftest.py\", line 186, in create_production_run\\n    run = ProductionRun(\\n          ^^^^^^^^^^^^^^\\n  File \"<string>\", line 4, in __init__\\n  File \"/usr/local/lib/python3.11/site-packages/sqlalchemy/orm/state.py\", line 571, in _initialize_instance\\n    with util.safe_reraise():\\n  File \"/usr/local/lib/python3.11/site-packages/sqlalchemy/util/langhelpers.py\", line 224, in __exit__\\n    raise exc_value.with_traceback(exc_tb)\\n  File \"/usr/local/lib/python3.11/site-packages/sqlalchemy/orm/state.py\", line 569, in _initialize_instance\\n    manager.original_init(*mixed[1:], **kwargs)\\n  File \"/usr/local/lib/python3.11/site-packages/sqlalchemy/orm/decl_base.py\", line 2179, in _declarative_constructor\\n    raise TypeError(\\nTypeError: \\'parts_produced\\' is an invalid keyword argument for ProductionRun\\n')",
        "(<tests.test_analytics_optimized.TestAnalyticsOptimized testMethod=test_efficiency_insights_endpoint>, 'Traceback (most recent call last):\\n  File \"/app/tests/test_analytics_optimized.py\", line 27, in setUp\\n    self.test_data = TestDataFactory.create_comprehensive_test_data(\\n                     ^^^^^^^^^^^^^^^^^^^^^^^^^^^^^^^^^^^^^^^^^^^^^^^\\n  File \"/app/tests/conftest.py\", line 223, in create_comprehensive_test_data\\n    production_run = TestDataFactory.create_production_run(db, machine_id)\\n                     ^^^^^^^^^^^^^^^^^^^^^^^^^^^^^^^^^^^^^^^^^^^^^^^^^^^^^\\n  File \"/app/tests/conftest.py\", line 186, in create_production_run\\n    run = ProductionRun(\\n          ^^^^^^^^^^^^^^\\n  File \"<string>\", line 4, in __init__\\n  File \"/usr/local/lib/python3.11/site-packages/sqlalchemy/orm/state.py\", line 571, in _initialize_instance\\n    with util.safe_reraise():\\n  File \"/usr/local/lib/python3.11/site-packages/sqlalchemy/util/langhelpers.py\", line 224, in __exit__\\n    raise exc_value.with_traceback(exc_tb)\\n  File \"/usr/local/lib/python3.11/site-packages/sqlalchemy/orm/state.py\", line 569, in _initialize_instance\\n    manager.original_init(*mixed[1:], **kwargs)\\n  File \"/usr/local/lib/python3.11/site-packages/sqlalchemy/orm/decl_base.py\", line 2179, in _declarative_constructor\\n    raise TypeError(\\nTypeError: \\'parts_produced\\' is an invalid keyword argument for ProductionRun\\n')",
        "(<tests.test_analytics_optimized.TestAnalyticsOptimized testMethod=test_endpoint_with_filters>, 'Traceback (most recent call last):\\n  File \"/app/tests/test_analytics_optimized.py\", line 27, in setUp\\n    self.test_data = TestDataFactory.create_comprehensive_test_data(\\n                     ^^^^^^^^^^^^^^^^^^^^^^^^^^^^^^^^^^^^^^^^^^^^^^^\\n  File \"/app/tests/conftest.py\", line 223, in create_comprehensive_test_data\\n    production_run = TestDataFactory.create_production_run(db, machine_id)\\n                     ^^^^^^^^^^^^^^^^^^^^^^^^^^^^^^^^^^^^^^^^^^^^^^^^^^^^^\\n  File \"/app/tests/conftest.py\", line 186, in create_production_run\\n    run = ProductionRun(\\n          ^^^^^^^^^^^^^^\\n  File \"<string>\", line 4, in __init__\\n  File \"/usr/local/lib/python3.11/site-packages/sqlalchemy/orm/state.py\", line 571, in _initialize_instance\\n    with util.safe_reraise():\\n  File \"/usr/local/lib/python3.11/site-packages/sqlalchemy/util/langhelpers.py\", line 224, in __exit__\\n    raise exc_value.with_traceback(exc_tb)\\n  File \"/usr/local/lib/python3.11/site-packages/sqlalchemy/orm/state.py\", line 569, in _initialize_instance\\n    manager.original_init(*mixed[1:], **kwargs)\\n  File \"/usr/local/lib/python3.11/site-packages/sqlalchemy/orm/decl_base.py\", line 2179, in _declarative_constructor\\n    raise TypeError(\\nTypeError: \\'parts_produced\\' is an invalid keyword argument for ProductionRun\\n')",
        "(<tests.test_analytics_optimized.TestAnalyticsOptimized testMethod=test_error_handling>, 'Traceback (most recent call last):\\n  File \"/app/tests/test_analytics_optimized.py\", line 27, in setUp\\n    self.test_data = TestDataFactory.create_comprehensive_test_data(\\n                     ^^^^^^^^^^^^^^^^^^^^^^^^^^^^^^^^^^^^^^^^^^^^^^^\\n  File \"/app/tests/conftest.py\", line 223, in create_comprehensive_test_data\\n    production_run = TestDataFactory.create_production_run(db, machine_id)\\n                     ^^^^^^^^^^^^^^^^^^^^^^^^^^^^^^^^^^^^^^^^^^^^^^^^^^^^^\\n  File \"/app/tests/conftest.py\", line 186, in create_production_run\\n    run = ProductionRun(\\n          ^^^^^^^^^^^^^^\\n  File \"<string>\", line 4, in __init__\\n  File \"/usr/local/lib/python3.11/site-packages/sqlalchemy/orm/state.py\", line 571, in _initialize_instance\\n    with util.safe_reraise():\\n  File \"/usr/local/lib/python3.11/site-packages/sqlalchemy/util/langhelpers.py\", line 224, in __exit__\\n    raise exc_value.with_traceback(exc_tb)\\n  File \"/usr/local/lib/python3.11/site-packages/sqlalchemy/orm/state.py\", line 569, in _initialize_instance\\n    manager.original_init(*mixed[1:], **kwargs)\\n  File \"/usr/local/lib/python3.11/site-packages/sqlalchemy/orm/decl_base.py\", line 2179, in _declarative_constructor\\n    raise TypeError(\\nTypeError: \\'parts_produced\\' is an invalid keyword argument for ProductionRun\\n')",
        "(<tests.test_analytics_optimized.TestAnalyticsOptimized testMethod=test_machine_comparison_endpoint>, 'Traceback (most recent call last):\\n  File \"/app/tests/test_analytics_optimized.py\", line 27, in setUp\\n    self.test_data = TestDataFactory.create_comprehensive_test_data(\\n                     ^^^^^^^^^^^^^^^^^^^^^^^^^^^^^^^^^^^^^^^^^^^^^^^\\n  File \"/app/tests/conftest.py\", line 223, in create_comprehensive_test_data\\n    production_run = TestDataFactory.create_production_run(db, machine_id)\\n                     ^^^^^^^^^^^^^^^^^^^^^^^^^^^^^^^^^^^^^^^^^^^^^^^^^^^^^\\n  File \"/app/tests/conftest.py\", line 186, in create_production_run\\n    run = ProductionRun(\\n          ^^^^^^^^^^^^^^\\n  File \"<string>\", line 4, in __init__\\n  File \"/usr/local/lib/python3.11/site-packages/sqlalchemy/orm/state.py\", line 571, in _initialize_instance\\n    with util.safe_reraise():\\n  File \"/usr/local/lib/python3.11/site-packages/sqlalchemy/util/langhelpers.py\", line 224, in __exit__\\n    raise exc_value.with_traceback(exc_tb)\\n  File \"/usr/local/lib/python3.11/site-packages/sqlalchemy/orm/state.py\", line 569, in _initialize_instance\\n    manager.original_init(*mixed[1:], **kwargs)\\n  File \"/usr/local/lib/python3.11/site-packages/sqlalchemy/orm/decl_base.py\", line 2179, in _declarative_constructor\\n    raise TypeError(\\nTypeError: \\'parts_produced\\' is an invalid keyword argument for ProductionRun\\n')",
        "(<tests.test_analytics_optimized.TestAnalyticsOptimized testMethod=test_oee_optimized_endpoint>, 'Traceback (most recent call last):\\n  File \"/app/tests/test_analytics_optimized.py\", line 27, in setUp\\n    self.test_data = TestDataFactory.create_comprehensive_test_data(\\n                     ^^^^^^^^^^^^^^^^^^^^^^^^^^^^^^^^^^^^^^^^^^^^^^^\\n  File \"/app/tests/conftest.py\", line 223, in create_comprehensive_test_data\\n    production_run = TestDataFactory.create_production_run(db, machine_id)\\n                     ^^^^^^^^^^^^^^^^^^^^^^^^^^^^^^^^^^^^^^^^^^^^^^^^^^^^^\\n  File \"/app/tests/conftest.py\", line 186, in create_production_run\\n    run = ProductionRun(\\n          ^^^^^^^^^^^^^^\\n  File \"<string>\", line 4, in __init__\\n  File \"/usr/local/lib/python3.11/site-packages/sqlalchemy/orm/state.py\", line 571, in _initialize_instance\\n    with util.safe_reraise():\\n  File \"/usr/local/lib/python3.11/site-packages/sqlalchemy/util/langhelpers.py\", line 224, in __exit__\\n    raise exc_value.with_traceback(exc_tb)\\n  File \"/usr/local/lib/python3.11/site-packages/sqlalchemy/orm/state.py\", line 569, in _initialize_instance\\n    manager.original_init(*mixed[1:], **kwargs)\\n  File \"/usr/local/lib/python3.11/site-packages/sqlalchemy/orm/decl_base.py\", line 2179, in _declarative_constructor\\n    raise TypeError(\\nTypeError: \\'parts_produced\\' is an invalid keyword argument for ProductionRun\\n')",
        "(<tests.test_analytics_optimized.TestAnalyticsOptimized testMethod=test_performance_summary_endpoint>, 'Traceback (most recent call last):\\n  File \"/app/tests/test_analytics_optimized.py\", line 27, in setUp\\n    self.test_data = TestDataFactory.create_comprehensive_test_data(\\n                     ^^^^^^^^^^^^^^^^^^^^^^^^^^^^^^^^^^^^^^^^^^^^^^^\\n  File \"/app/tests/conftest.py\", line 223, in create_comprehensive_test_data\\n    production_run = TestDataFactory.create_production_run(db, machine_id)\\n                     ^^^^^^^^^^^^^^^^^^^^^^^^^^^^^^^^^^^^^^^^^^^^^^^^^^^^^\\n  File \"/app/tests/conftest.py\", line 186, in create_production_run\\n    run = ProductionRun(\\n          ^^^^^^^^^^^^^^\\n  File \"<string>\", line 4, in __init__\\n  File \"/usr/local/lib/python3.11/site-packages/sqlalchemy/orm/state.py\", line 571, in _initialize_instance\\n    with util.safe_reraise():\\n  File \"/usr/local/lib/python3.11/site-packages/sqlalchemy/util/langhelpers.py\", line 224, in __exit__\\n    raise exc_value.with_traceback(exc_tb)\\n  File \"/usr/local/lib/python3.11/site-packages/sqlalchemy/orm/state.py\", line 569, in _initialize_instance\\n    manager.original_init(*mixed[1:], **kwargs)\\n  File \"/usr/local/lib/python3.11/site-packages/sqlalchemy/orm/decl_base.py\", line 2179, in _declarative_constructor\\n    raise TypeError(\\nTypeError: \\'parts_produced\\' is an invalid keyword argument for ProductionRun\\n')",
        "(<tests.test_analytics_optimized.TestAnalyticsOptimized testMethod=test_real_time_metrics_endpoint>, 'Traceback (most recent call last):\\n  File \"/app/tests/test_analytics_optimized.py\", line 27, in setUp\\n    self.test_data = TestDataFactory.create_comprehensive_test_data(\\n                     ^^^^^^^^^^^^^^^^^^^^^^^^^^^^^^^^^^^^^^^^^^^^^^^\\n  File \"/app/tests/conftest.py\", line 223, in create_comprehensive_test_data\\n    production_run = TestDataFactory.create_production_run(db, machine_id)\\n                     ^^^^^^^^^^^^^^^^^^^^^^^^^^^^^^^^^^^^^^^^^^^^^^^^^^^^^\\n  File \"/app/tests/conftest.py\", line 186, in create_production_run\\n    run = ProductionRun(\\n          ^^^^^^^^^^^^^^\\n  File \"<string>\", line 4, in __init__\\n  File \"/usr/local/lib/python3.11/site-packages/sqlalchemy/orm/state.py\", line 571, in _initialize_instance\\n    with util.safe_reraise():\\n  File \"/usr/local/lib/python3.11/site-packages/sqlalchemy/util/langhelpers.py\", line 224, in __exit__\\n    raise exc_value.with_traceback(exc_tb)\\n  File \"/usr/local/lib/python3.11/site-packages/sqlalchemy/orm/state.py\", line 569, in _initialize_instance\\n    manager.original_init(*mixed[1:], **kwargs)\\n  File \"/usr/local/lib/python3.11/site-packages/sqlalchemy/orm/decl_base.py\", line 2179, in _declarative_constructor\\n    raise TypeError(\\nTypeError: \\'parts_produced\\' is an invalid keyword argument for ProductionRun\\n')",
        "(<tests.test_analytics_optimized.TestAnalyticsOptimized testMethod=test_trend_data_endpoint>, 'Traceback (most recent call last):\\n  File \"/app/tests/test_analytics_optimized.py\", line 27, in setUp\\n    self.test_data = TestDataFactory.create_comprehensive_test_data(\\n                     ^^^^^^^^^^^^^^^^^^^^^^^^^^^^^^^^^^^^^^^^^^^^^^^\\n  File \"/app/tests/conftest.py\", line 223, in create_comprehensive_test_data\\n    production_run = TestDataFactory.create_production_run(db, machine_id)\\n                     ^^^^^^^^^^^^^^^^^^^^^^^^^^^^^^^^^^^^^^^^^^^^^^^^^^^^^\\n  File \"/app/tests/conftest.py\", line 186, in create_production_run\\n    run = ProductionRun(\\n          ^^^^^^^^^^^^^^\\n  File \"<string>\", line 4, in __init__\\n  File \"/usr/local/lib/python3.11/site-packages/sqlalchemy/orm/state.py\", line 571, in _initialize_instance\\n    with util.safe_reraise():\\n  File \"/usr/local/lib/python3.11/site-packages/sqlalchemy/util/langhelpers.py\", line 224, in __exit__\\n    raise exc_value.with_traceback(exc_tb)\\n  File \"/usr/local/lib/python3.11/site-packages/sqlalchemy/orm/state.py\", line 569, in _initialize_instance\\n    manager.original_init(*mixed[1:], **kwargs)\\n  File \"/usr/local/lib/python3.11/site-packages/sqlalchemy/orm/decl_base.py\", line 2179, in _declarative_constructor\\n    raise TypeError(\\nTypeError: \\'parts_produced\\' is an invalid keyword argument for ProductionRun\\n')",
        "(<tests.test_analytics_optimized.TestAnalyticsOptimized testMethod=test_utilization_optimized_endpoint>, 'Traceback (most recent call last):\\n  File \"/app/tests/test_analytics_optimized.py\", line 27, in setUp\\n    self.test_data = TestDataFactory.create_comprehensive_test_data(\\n                     ^^^^^^^^^^^^^^^^^^^^^^^^^^^^^^^^^^^^^^^^^^^^^^^\\n  File \"/app/tests/conftest.py\", line 223, in create_comprehensive_test_data\\n    production_run = TestDataFactory.create_production_run(db, machine_id)\\n                     ^^^^^^^^^^^^^^^^^^^^^^^^^^^^^^^^^^^^^^^^^^^^^^^^^^^^^\\n  File \"/app/tests/conftest.py\", line 186, in create_production_run\\n    run = ProductionRun(\\n          ^^^^^^^^^^^^^^\\n  File \"<string>\", line 4, in __init__\\n  File \"/usr/local/lib/python3.11/site-packages/sqlalchemy/orm/state.py\", line 571, in _initialize_instance\\n    with util.safe_reraise():\\n  File \"/usr/local/lib/python3.11/site-packages/sqlalchemy/util/langhelpers.py\", line 224, in __exit__\\n    raise exc_value.with_traceback(exc_tb)\\n  File \"/usr/local/lib/python3.11/site-packages/sqlalchemy/orm/state.py\", line 569, in _initialize_instance\\n    manager.original_init(*mixed[1:], **kwargs)\\n  File \"/usr/local/lib/python3.11/site-packages/sqlalchemy/orm/decl_base.py\", line 2179, in _declarative_constructor\\n    raise TypeError(\\nTypeError: \\'parts_produced\\' is an invalid keyword argument for ProductionRun\\n')"
      ]
    },
    "Performance Benchmark": {
      "total": 6,
      "passed": 6,
      "failed": 0,
      "errors": 0,
      "skipped": 0,
      "failures_details": [],
      "errors_details": []
    }
  },
  "performance_report": {}
}